Using pre-set license
Built from '2020.3/staging' branch; Version is '2020.3.23f1 (c5d91304a876) revision 12966163'; Using compiler version '192528614'; Build Type 'Release'
OS: 'Windows 10 Home Single Language; OS build 22000.434; Version 2009; 64bit' Language: 'en' Physical Memory: 8023 MB
BatchMode: 1, IsHumanControllingUs: 0, StartBugReporterOnCrash: 0, Is64bit: 1, IsPro: 0

COMMAND LINE ARGUMENTS:
C:\Program Files\Unity\Hub\Editor\2020.3.23f1\Editor\Unity.exe
-adb2
-batchMode
-noUpm
-name
AssetImportWorker0
-projectPath
D:/shiotatsumi1.2
-logFile
Logs/AssetImportWorker0.log
-srvPort
63008
Successfully changed project path to: D:/shiotatsumi1.2
D:/shiotatsumi1.2
Using Asset Import Pipeline V2.
Refreshing native plugins compatible for Editor in 45.17 ms, found 3 plugins.
Preloading 0 native plugins for Editor in 0.00 ms.
Initialize engine version: 2020.3.23f1 (c5d91304a876)
[Subsystems] Discovering subsystems at path C:/Program Files/Unity/Hub/Editor/2020.3.23f1/Editor/Data/Resources/UnitySubsystems
[Subsystems] Discovering subsystems at path D:/shiotatsumi1.2/Assets
GfxDevice: creating device client; threaded=0
Direct3D:
    Version:  Direct3D 11.0 [level 11.1]
    Renderer: NVIDIA GeForce GTX 1650 Ti (ID=0x1f95)
    Vendor:   
    VRAM:     3962 MB
    Driver:   27.21.14.5167
Initialize mono
Mono path[0] = 'C:/Program Files/Unity/Hub/Editor/2020.3.23f1/Editor/Data/Managed'
Mono path[1] = 'C:/Program Files/Unity/Hub/Editor/2020.3.23f1/Editor/Data/MonoBleedingEdge/lib/mono/unityjit'
Mono config path = 'C:/Program Files/Unity/Hub/Editor/2020.3.23f1/Editor/Data/MonoBleedingEdge/etc'
Using monoOptions --debugger-agent=transport=dt_socket,embedding=1,server=y,suspend=n,address=127.0.0.1:56256
Begin MonoManager ReloadAssembly
Registering precompiled unity dll's ...
Register platform support module: C:/Program Files/Unity/Hub/Editor/2020.3.23f1/Editor/Data/PlaybackEngines/WindowsStandaloneSupport/UnityEditor.WindowsStandalone.Extensions.dll
Registered in 0.001074 seconds.
Native extension for WindowsStandalone target not found
Refreshing native plugins compatible for Editor in 42.39 ms, found 3 plugins.
Preloading 0 native plugins for Editor in 0.00 ms.
Mono: successfully reloaded assembly
- Completed reload, in  0.550 seconds
Domain Reload Profiling:
	ReloadAssembly (551ms)
		BeginReloadAssembly (41ms)
			ExecutionOrderSort (0ms)
			DisableScriptedObjects (0ms)
			BackupInstance (0ms)
			ReleaseScriptingObjects (0ms)
			CreateAndSetChildDomain (1ms)
		EndReloadAssembly (431ms)
			LoadAssemblies (39ms)
			RebuildTransferFunctionScriptingTraits (0ms)
			SetupTypeCache (153ms)
			ReleaseScriptCaches (0ms)
			RebuildScriptCaches (29ms)
			SetupLoadedEditorAssemblies (162ms)
				LogAssemblyErrors (0ms)
				InitializePlatformSupportModulesInManaged (4ms)
				SetLoadedEditorAssemblies (0ms)
				RefreshPlugins (42ms)
				BeforeProcessingInitializeOnLoad (8ms)
				ProcessInitializeOnLoadAttributes (81ms)
				ProcessInitializeOnLoadMethodAttributes (27ms)
				AfterProcessingInitializeOnLoad (0ms)
				EditorAssembliesLoaded (0ms)
			ExecutionOrderSort2 (0ms)
			AwakeInstancesAfterBackupRestoration (0ms)
Platform modules already initialized, skipping
Registering precompiled user dll's ...
Registered in 0.004158 seconds.
Begin MonoManager ReloadAssembly
Native extension for WindowsStandalone target not found
Refreshing native plugins compatible for Editor in 43.83 ms, found 3 plugins.
Preloading 0 native plugins for Editor in 0.00 ms.
Mono: successfully reloaded assembly
- Completed reload, in  1.082 seconds
Domain Reload Profiling:
	ReloadAssembly (1083ms)
		BeginReloadAssembly (129ms)
			ExecutionOrderSort (0ms)
			DisableScriptedObjects (5ms)
			BackupInstance (0ms)
			ReleaseScriptingObjects (0ms)
			CreateAndSetChildDomain (18ms)
		EndReloadAssembly (898ms)
			LoadAssemblies (90ms)
			RebuildTransferFunctionScriptingTraits (0ms)
			SetupTypeCache (321ms)
			ReleaseScriptCaches (0ms)
			RebuildScriptCaches (53ms)
			SetupLoadedEditorAssemblies (314ms)
				LogAssemblyErrors (0ms)
				InitializePlatformSupportModulesInManaged (3ms)
				SetLoadedEditorAssemblies (0ms)
				RefreshPlugins (44ms)
				BeforeProcessingInitializeOnLoad (57ms)
				ProcessInitializeOnLoadAttributes (188ms)
				ProcessInitializeOnLoadMethodAttributes (18ms)
				AfterProcessingInitializeOnLoad (4ms)
				EditorAssembliesLoaded (0ms)
			ExecutionOrderSort2 (0ms)
			AwakeInstancesAfterBackupRestoration (6ms)
Platform modules already initialized, skipping
========================================================================
Worker process is ready to serve import requests
Launched and connected shader compiler UnityShaderCompiler.exe after 0.04 seconds
Refreshing native plugins compatible for Editor in 0.63 ms, found 3 plugins.
Preloading 0 native plugins for Editor in 0.00 ms.
Unloading 2211 Unused Serialized files (Serialized files now loaded: 0)
System memory in use before: 96.9 MB.
System memory in use after: 97.0 MB.

Unloading 28 unused Assets to reduce memory usage. Loaded Objects now: 2651.
Total: 3.353000 ms (FindLiveObjects: 0.327000 ms CreateObjectMapping: 0.131000 ms MarkObjects: 2.813800 ms  DeleteObjects: 0.080300 ms)

AssetImportParameters requested are different than current active one (requested -> active):
  custom:framework-win-MediaFoundation: 216162199b28c13a410421893ffa2e32 -> 
  custom:video-decoder-ogg-theora: a1e56fd34408186e4bbccfd4996cb3dc -> 
  custom:container-muxer-webm: aa71ff27fc2769a1b78a27578f13a17b -> 
  custom:container-demuxer-webm: 4f35f7cbe854078d1ac9338744f61a02 -> 
  custom:container-demuxer-ogg: 62fdf1f143b41e24485cea50d1cbac27 -> 
  custom:video-encoder-webm-vp8: eb34c28f22e8b96e1ab97ce403110664 -> 
  custom:video-decoder-webm-vp8: 9c59270c3fd7afecdb556c50c9e8de78 -> 
  custom:audio-decoder-ogg-vorbis: bf7c407c2cedff20999df2af8eb42d56 -> 
  custom:audio-encoder-webm-vorbis: bf7c407c2cedff20999df2af8eb42d56 -> 
========================================================================
Received Import Request.
  path: Assets/VNCreator/_Demo/Sprites/Backgrounds/68747470733a2f2f73332e616d617a6f6e6177732e636f6d2f776174747061642d6d656469612d736572766963652f53746f7279496d6167652f6964724c377a4b587264367338673d3d2d3938363133373030352e3136346138336137393266323063636231313331313.jpg
  artifactKey: Guid(992abe3f4a5f5c7499610a2afac80ab3) Importer(815301076,1909f56bfc062723c751e8b465ee728b)
Start importing Assets/VNCreator/_Demo/Sprites/Backgrounds/68747470733a2f2f73332e616d617a6f6e6177732e636f6d2f776174747061642d6d656469612d736572766963652f53746f7279496d6167652f6964724c377a4b587264367338673d3d2d3938363133373030352e3136346138336137393266323063636231313331313.jpg using Guid(992abe3f4a5f5c7499610a2afac80ab3) Importer(815301076,1909f56bfc062723c751e8b465ee728b)  -> (artifact id: '6849cdea38faef9bbe93110aef3a6708') in 0.104161 seconds 
  Import took 0.108343 seconds .

========================================================================
Received Import Request.
  Time since last request: 596.061461 seconds.
  path: Assets/VNCreator/_Demo/Sprites/Backgrounds/Không Có Tiêu Đề11_20211231214520.png
  artifactKey: Guid(51dc803c4f7014b4fb191a42ab4f188e) Importer(815301076,1909f56bfc062723c751e8b465ee728b)
Start importing Assets/VNCreator/_Demo/Sprites/Backgrounds/Không Có Tiêu Đề11_20211231214520.png using Guid(51dc803c4f7014b4fb191a42ab4f188e) Importer(815301076,1909f56bfc062723c751e8b465ee728b)  -> (artifact id: '714c866ed29cf3389c01bb22585ade1e') in 0.063797 seconds 
  Import took 0.068255 seconds .

========================================================================
Received Import Request.
  Time since last request: 0.000202 seconds.
  path: Assets/VNCreator/_Demo/Sprites/Backgrounds/Không Có Tiêu Đề26_20220108214415.png
  artifactKey: Guid(4a8f1598c4d511643a283ddf93ca78f6) Importer(815301076,1909f56bfc062723c751e8b465ee728b)
Start importing Assets/VNCreator/_Demo/Sprites/Backgrounds/Không Có Tiêu Đề26_20220108214415.png using Guid(4a8f1598c4d511643a283ddf93ca78f6) Importer(815301076,1909f56bfc062723c751e8b465ee728b)  -> (artifact id: 'f13f88421cc291c2d102fa9cce069aa2') in 0.026137 seconds 
  Import took 0.029663 seconds .

========================================================================
Received Import Request.
  Time since last request: 0.000201 seconds.
  path: Assets/VNCreator/_Demo/Sprites/Backgrounds/Không Có Tiêu Đề26_20220108220526.png
  artifactKey: Guid(095e94004987aa547a3c87531a2c4062) Importer(815301076,1909f56bfc062723c751e8b465ee728b)
Start importing Assets/VNCreator/_Demo/Sprites/Backgrounds/Không Có Tiêu Đề26_20220108220526.png using Guid(095e94004987aa547a3c87531a2c4062) Importer(815301076,1909f56bfc062723c751e8b465ee728b)  -> (artifact id: 'ee5b9442a18d14a4f47d0e6ee9f44cb4') in 0.015985 seconds 
  Import took 0.019441 seconds .

========================================================================
Received Import Request.
  Time since last request: 296.213626 seconds.
  path: Assets/VNCreator/_Demo/Sprites/Backgrounds/wp8049178.jpg
  artifactKey: Guid(e03acf0ad424288409e050db75e809df) Importer(815301076,1909f56bfc062723c751e8b465ee728b)
Start importing Assets/VNCreator/_Demo/Sprites/Backgrounds/wp8049178.jpg using Guid(e03acf0ad424288409e050db75e809df) Importer(815301076,1909f56bfc062723c751e8b465ee728b)  -> (artifact id: '047f34a744d9b4bfe7e48f4ae6b6ab9a') in 0.032072 seconds 
  Import took 0.036703 seconds .

========================================================================
Received Import Request.
  Time since last request: 126.723148 seconds.
  path: Assets/VNCreator/_Demo/Không Có Tiêu Đề28_20220111144939.png
  artifactKey: Guid(0cf0a3aebb7a0c44a8474fc82de351c4) Importer(815301076,1909f56bfc062723c751e8b465ee728b)
Start importing Assets/VNCreator/_Demo/Không Có Tiêu Đề28_20220111144939.png using Guid(0cf0a3aebb7a0c44a8474fc82de351c4) Importer(815301076,1909f56bfc062723c751e8b465ee728b)  -> (artifact id: 'ecf93cd76d511c1ef60a84e95798fb19') in 0.020455 seconds 
  Import took 0.024732 seconds .

========================================================================
Received Import Request.
  Time since last request: 520.638478 seconds.
  path: Assets/VNCreator/_Demo/Sprites/Backgrounds/Không Có Tiêu Đề31_20220111170205.png
  artifactKey: Guid(b939b4fd16e4b53409ce1700a71c7b52) Importer(815301076,1909f56bfc062723c751e8b465ee728b)
Start importing Assets/VNCreator/_Demo/Sprites/Backgrounds/Không Có Tiêu Đề31_20220111170205.png using Guid(b939b4fd16e4b53409ce1700a71c7b52) Importer(815301076,1909f56bfc062723c751e8b465ee728b)  -> (artifact id: '489bec9682c1836b1a6931806e529f03') in 0.057112 seconds 
  Import took 0.062893 seconds .

AssetImportWorkerClient::OnTransportError - code=2 error=End of file
